<?xml version="1.0" encoding="UTF-8"?>
<robot generator="Robot 4.0 (Python 3.9.2 on win32)" generated="20210330 17:06:54.345" rpa="false" schemaversion="2">
<suite id="s1" name="CalcApp" source="C:\Users\Sola\Desktop\RobotProjects\calculator-mobile-test\tests\CalcApp.robot">
<test id="s1-t1" name="Adding Two Numbers">
<kw name="Open Calculator" library="Common">
<kw name="Open Application" library="AppiumLibrary">
<arg>${REMOTE_URL}</arg>
<arg>platformName=${PLATFORM_NAME}</arg>
<arg>deviceName=${DEVICE_NAME}</arg>
<arg>appActivity=${Activity_NAME}</arg>
<arg>appPackage=${PACKAGE_NAME}</arg>
<doc>Opens a new application to given Appium server.
Capabilities of appium server, Android and iOS,
Please check https://github.com/appium/appium/blob/master/docs/en/writing-running-appium/server-args.md
| *Option*            | *Man.* | *Description*     |
| remote_url          | Yes    | Appium server url |
| alias               | no     | alias             |</doc>
<status status="PASS" starttime="20210330 17:06:54.503" endtime="20210330 17:07:02.748"/>
</kw>
<status status="PASS" starttime="20210330 17:06:54.503" endtime="20210330 17:07:02.749"/>
</kw>
<kw name="Click Number" library="Calculator">
<arg>09</arg>
<kw name="Click Element" library="AppiumLibrary">
<arg>${elementId}${number}</arg>
<doc>Click element identified by `locator`.</doc>
<msg timestamp="20210330 17:07:02.751" level="INFO">Clicking element 'calc_keypad_btn_09'.</msg>
<status status="PASS" starttime="20210330 17:07:02.749" endtime="20210330 17:07:03.375"/>
</kw>
<status status="PASS" starttime="20210330 17:07:02.749" endtime="20210330 17:07:03.376"/>
</kw>
<kw name="Click Operator" library="Calculator">
<arg>add</arg>
<kw name="Click Element" library="AppiumLibrary">
<arg>${elementId}${operand}</arg>
<doc>Click element identified by `locator`.</doc>
<msg timestamp="20210330 17:07:03.379" level="INFO">Clicking element 'calc_keypad_btn_add'.</msg>
<status status="PASS" starttime="20210330 17:07:03.377" endtime="20210330 17:07:03.971"/>
</kw>
<status status="PASS" starttime="20210330 17:07:03.377" endtime="20210330 17:07:03.971"/>
</kw>
<kw name="Click Number" library="Calculator">
<arg>05</arg>
<kw name="Click Element" library="AppiumLibrary">
<arg>${elementId}${number}</arg>
<doc>Click element identified by `locator`.</doc>
<msg timestamp="20210330 17:07:03.975" level="INFO">Clicking element 'calc_keypad_btn_05'.</msg>
<status status="PASS" starttime="20210330 17:07:03.973" endtime="20210330 17:07:04.624"/>
</kw>
<status status="PASS" starttime="20210330 17:07:03.973" endtime="20210330 17:07:04.624"/>
</kw>
<kw name="Click Operator" library="Calculator">
<arg>equal</arg>
<kw name="Click Element" library="AppiumLibrary">
<arg>${elementId}${operand}</arg>
<doc>Click element identified by `locator`.</doc>
<msg timestamp="20210330 17:07:04.628" level="INFO">Clicking element 'calc_keypad_btn_equal'.</msg>
<status status="PASS" starttime="20210330 17:07:04.627" endtime="20210330 17:07:05.947"/>
</kw>
<status status="PASS" starttime="20210330 17:07:04.626" endtime="20210330 17:07:05.947"/>
</kw>
<kw name="End Test" library="Common">
<kw name="Close Application" library="AppiumLibrary">
<doc>Closes the current application and also close webdriver session.</doc>
<status status="PASS" starttime="20210330 17:07:05.949" endtime="20210330 17:07:06.334"/>
</kw>
<status status="PASS" starttime="20210330 17:07:05.949" endtime="20210330 17:07:06.334"/>
</kw>
<status status="PASS" starttime="20210330 17:06:54.503" endtime="20210330 17:07:06.334"/>
</test>
<status status="PASS" starttime="20210330 17:06:54.347" endtime="20210330 17:07:06.336"/>
</suite>
<statistics>
<total>
<stat pass="1" fail="0" skip="0">All Tests</stat>
</total>
<tag>
</tag>
<suite>
<stat pass="1" fail="0" skip="0" id="s1" name="CalcApp">CalcApp</stat>
</suite>
</statistics>
<errors>
</errors>
</robot>
